<?xml version="1.0" encoding="UTF-8"?>
<testng-results skipped="0" failed="0" total="1" passed="1">
  <reporter-output>
  </reporter-output>
  <suite name="Default suite" duration-ms="7201" started-at="2021-10-30T14:45:47Z" finished-at="2021-10-30T14:45:54Z">
    <groups>
    </groups>
    <test name="Default test" duration-ms="7201" started-at="2021-10-30T14:45:47Z" finished-at="2021-10-30T14:45:54Z">
      <class name="EndToEndRMGY.CreateProjectAndVerifyInDB">
        <test-method status="PASS" signature="bsConfig()[pri:0, instance:EndToEndRMGY.CreateProjectAndVerifyInDB@14acaea5]" name="bsConfig" is-config="true" duration-ms="2260" started-at="2021-10-30T20:15:45Z" finished-at="2021-10-30T20:15:47Z">
          <reporter-output>
          </reporter-output>
        </test-method> <!-- bsConfig -->
        <test-method status="PASS" signature="createProjectAndVerifyInDB()[pri:0, instance:EndToEndRMGY.CreateProjectAndVerifyInDB@14acaea5]" name="createProjectAndVerifyInDB" duration-ms="7177" started-at="2021-10-30T20:15:47Z" finished-at="2021-10-30T20:15:54Z">
          <reporter-output>
          </reporter-output>
        </test-method> <!-- createProjectAndVerifyInDB -->
        <test-method status="PASS" signature="asConfig()[pri:0, instance:EndToEndRMGY.CreateProjectAndVerifyInDB@14acaea5]" name="asConfig" is-config="true" duration-ms="26" started-at="2021-10-30T20:15:54Z" finished-at="2021-10-30T20:15:54Z">
          <reporter-output>
          </reporter-output>
        </test-method> <!-- asConfig -->
      </class> <!-- EndToEndRMGY.CreateProjectAndVerifyInDB -->
    </test> <!-- Default test -->
  </suite> <!-- Default suite -->
</testng-results>
